=================================================================
==29==ERROR: AddressSanitizer: heap-buffer-overflow on address 0x6020000000d8 at pc 0x000000344567 bp 0x7fff6df500c0 sp 0x7fff6df500b8
READ of size 4 at 0x6020000000d8 thread T0
    #4 0x7f909b5da0b2  (/lib/x86_64-linux-gnu/libc.so.6+0x270b2)
0x6020000000d8 is located 0 bytes to the right of 8-byte region [0x6020000000d0,0x6020000000d8)
allocated by thread T0 here:
    #6 0x7f909b5da0b2  (/lib/x86_64-linux-gnu/libc.so.6+0x270b2)
Shadow bytes around the buggy address:
  0x0c047fff7fc0: 00 00 00 00 00 00 00 00 00 00 00 00 00 00 00 00
  0x0c047fff7fd0: 00 00 00 00 00 00 00 00 00 00 00 00 00 00 00 00
  0x0c047fff7fe0: 00 00 00 00 00 00 00 00 00 00 00 00 00 00 00 00
  0x0c047fff7ff0: 00 00 00 00 00 00 00 00 00 00 00 00 00 00 00 00
  0x0c047fff8000: fa fa fd fa fa fa fd fa fa fa fd fa fa fa fd fa
=>0x0c047fff8010: fa fa fd fa fa fa fd fa fa fa 00[fa]fa fa fa fa
  0x0c047fff8020: fa fa fa fa fa fa fa fa fa fa fa fa fa fa fa fa
  0x0c047fff8030: fa fa fa fa fa fa fa fa fa fa fa fa fa fa fa fa
  0x0c047fff8040: fa fa fa fa fa fa fa fa fa fa fa fa fa fa fa fa
  0x0c047fff8050: fa fa fa fa fa fa fa fa fa fa fa fa fa fa fa fa
  0x0c047fff8060: fa fa fa fa fa fa fa fa fa fa fa fa fa fa fa fa
Shadow byte legend (one shadow byte represents 8 application bytes):
  Addressable:           00
  Partially addressable: 01 02 03 04 05 06 07 
  Heap left redzone:       fa
  Freed heap region:       fd
  Stack left redzone:      f1
  Stack mid redzone:       f2
  Stack right redzone:     f3
  Stack after return:      f5
  Stack use after scope:   f8
  Global redzone:          f9
  Global init order:       f6
  Poisoned by user:        f7
  Container overflow:      fc
  Array cookie:            ac
  Intra object redzone:    bb
  ASan internal:           fe
  Left alloca redzone:     ca
  Right alloca redzone:    cb
  Shadow gap:              cc
==29==ABORTING